/*C13*/SET SCHEMA PUBLIC
INSERT INTO ALUNO VALUES('903cc497-ff1d-46f1-9b0d-c56e3ace14dd',NULL,0,'ecovillaggio castelo branco',0,'2018-02-24 09:28:34.504000','Jo\u00e3o da Silva Sauro',5.0E0,'www.com.br','62232323322')
COMMIT
DELETE FROM ALUNO WHERE ID='17d54b7e-e0b3-4714-98c8-2510092afda1'
INSERT INTO ALUNO VALUES('17d54b7e-e0b3-4714-98c8-2510092afda1',NULL,1,'rua maria',0,'2018-02-25 13:58:28.114000','Maria Helena',5.0E0,'www.mh.combr','23232323')
COMMIT
/*C12*/SET SCHEMA PUBLIC
DELETE FROM ALUNO WHERE ID='25523aa9-5765-4ea6-a17a-a202b8eb3da4'
INSERT INTO ALUNO VALUES('25523aa9-5765-4ea6-a17a-a202b8eb3da4',NULL,1,'rua server',0,'2018-02-25 13:58:34.163000','Novo Server',7.0E0,'www.server.com','9292929')
COMMIT
DELETE FROM ALUNO WHERE ID='81e00d1c-6b10-4189-995c-532586092bc1'
INSERT INTO ALUNO VALUES('81e00d1c-6b10-4189-995c-532586092bc1',NULL,1,'Entrego',0,'2018-02-25 14:04:34.915000','Jo\u00e3o Santana',8.0E0,'Ggggh','72727')
COMMIT
DELETE FROM ALUNO WHERE ID='903cc497-ff1d-46f1-9b0d-c56e3ace14dd'
INSERT INTO ALUNO VALUES('903cc497-ff1d-46f1-9b0d-c56e3ace14dd',NULL,1,'ecovillaggio castelo branco',0,'2018-02-25 14:04:36.724000','Jo\u00e3o da Silva Sauro',5.0E0,'www.com.br','62232323322')
COMMIT
DELETE FROM ALUNO WHERE ID='951f9655-cc8a-40f2-9776-35a63aa900cb'
INSERT INTO ALUNO VALUES('951f9655-cc8a-40f2-9776-35a63aa900cb',NULL,1,'Av. Anhanguera, 10790 - Aeroviario, Goi\u00e2nia - GO, 74435-090',0,'2018-02-25 14:04:37.643000','Flavio Santana',10.0E0,'www.google.com','62981233602')
COMMIT
DELETE FROM ALUNO WHERE ID='987e2c7f-fe65-4863-99bf-e88a6a6710c6'
INSERT INTO ALUNO VALUES('987e2c7f-fe65-4863-99bf-e88a6a6710c6',NULL,1,'ecovillaggio Castelo Branco',0,'2018-02-25 14:04:38.520000','Fl\u00e1vio Santana',4.0E0,'wwwmgoogle.com','41526263636')
COMMIT
DELETE FROM ALUNO WHERE ID='c8fa90c1-c6bf-47cf-9628-9db31b7773cd'
INSERT INTO ALUNO VALUES('c8fa90c1-c6bf-47cf-9628-9db31b7773cd',NULL,1,'Av. Castelo Branco, 4800 - Rodovi\u00e1rio, Goi\u00e2nia - GO, 74430-130',0,'2018-02-25 14:04:39.347000','Flavio Santana',7.0E0,'www.dois.combr','62981727373')
COMMIT
INSERT INTO ALUNO VALUES('29bf5851-2581-4563-a80f-dbd814dbbd21',NULL,0,'Rua aluno server',0,'2018-02-25 14:05:28.382000','Aluno Server',4.0E0,'www.server.com','62323232323')
COMMIT
DELETE FROM ALUNO WHERE ID='29bf5851-2581-4563-a80f-dbd814dbbd21'
INSERT INTO ALUNO VALUES('29bf5851-2581-4563-a80f-dbd814dbbd21',NULL,1,'Rua aluno server',0,'2018-02-25 14:13:43.604000','Aluno Server',4.0E0,'www.server.com','62323232323')
COMMIT
INSERT INTO ALUNO VALUES('b69929a3-bbd0-4268-a98a-b41b5047f22e',NULL,0,'rua do aluno do site',0,'2018-02-25 14:14:21.349000','Aluno Site',6.0E0,'www.site.com.br','62232321233')
COMMIT
INSERT INTO ALUNO VALUES('f26a6924-7bfc-4084-ac1e-a2bbeee6609f',NULL,0,'Rua do aluno app',1,'2018-02-25 14:15:19.011000','Aluno App',6.0E0,'6129928882','www.app.com.br')
COMMIT
